Using pre-set license
Built from '2020.3/release' branch; Version is '2020.3.1f1 (77a89f25062f) revision 7841951'; Using compiler version '192528614'; Build Type 'Release'
OS: 'Windows 10 Home; OS build 19042.867; Version 2009; 64bit' Language: 'en' Physical Memory: 32714 MB
BatchMode: 1, IsHumanControllingUs: 0, StartBugReporterOnCrash: 0, Is64bit: 1, IsPro: 0

 COMMAND LINE ARGUMENTS:
C:\Program Files\Unity\Hub\Editor\2020.3.1f1\Editor\Unity.exe
-adb2
-batchMode
-noUpm
-name
AssetImportWorker0
-projectPath
C:/Users/james/Documents/Unity/CrawlerJam
-logFile
Logs/AssetImportWorker0.log
-srvPort
62699
Successfully changed project path to: C:/Users/james/Documents/Unity/CrawlerJam
C:/Users/james/Documents/Unity/CrawlerJam
Using Asset Import Pipeline V2.
Refreshing native plugins compatible for Editor in 94.57 ms, found 1 plugins.
Preloading 0 native plugins for Editor in 0.00 ms.
Initialize engine version: 2020.3.1f1 (77a89f25062f)
[Subsystems] Discovering subsystems at path C:/Program Files/Unity/Hub/Editor/2020.3.1f1/Editor/Data/Resources/UnitySubsystems
[Subsystems] Discovering subsystems at path C:/Users/james/Documents/Unity/CrawlerJam/Assets
GfxDevice: creating device client; threaded=0
Direct3D:
    Version:  Direct3D 11.0 [level 11.1]
    Renderer: NVIDIA GeForce RTX 2060 (ID=0x1f08)
    Vendor:   
    VRAM:     5980 MB
    Driver:   27.21.14.6140
Initialize mono
Mono path[0] = 'C:/Program Files/Unity/Hub/Editor/2020.3.1f1/Editor/Data/Managed'
Mono path[1] = 'C:/Program Files/Unity/Hub/Editor/2020.3.1f1/Editor/Data/MonoBleedingEdge/lib/mono/unityjit'
Mono config path = 'C:/Program Files/Unity/Hub/Editor/2020.3.1f1/Editor/Data/MonoBleedingEdge/etc'
Using monoOptions --debugger-agent=transport=dt_socket,embedding=1,server=y,suspend=n,address=127.0.0.1:56700
Begin MonoManager ReloadAssembly
Registering precompiled unity dll's ...
Register platform support module: C:/Program Files/Unity/Hub/Editor/2020.3.1f1/Editor/Data/PlaybackEngines/WindowsStandaloneSupport/UnityEditor.WindowsStandalone.Extensions.dll
Registered in 0.003096 seconds.
Native extension for WindowsStandalone target not found
Refreshing native plugins compatible for Editor in 92.66 ms, found 1 plugins.
Preloading 0 native plugins for Editor in 0.00 ms.
Invoked RoslynAnalysisRunner static constructor.
RoslynAnalysisRunner will not be running.
RoslynAnalysisRunner has terminated.
Mono: successfully reloaded assembly
- Completed reload, in  1.661 seconds
Platform modules already initialized, skipping
Registering precompiled user dll's ...
Registered in 0.004467 seconds.
Begin MonoManager ReloadAssembly
Native extension for WindowsStandalone target not found
Refreshing native plugins compatible for Editor in 0.61 ms, found 1 plugins.
Preloading 0 native plugins for Editor in 0.00 ms.
Invoked RoslynAnalysisRunner static constructor.
RoslynAnalysisRunner will not be running.
RoslynAnalysisRunner has terminated.
Mono: successfully reloaded assembly
- Completed reload, in  1.191 seconds
Platform modules already initialized, skipping
========================================================================
Worker process is ready to serve import requests
Launched and connected shader compiler UnityShaderCompiler.exe after 0.06 seconds
Refreshing native plugins compatible for Editor in 0.72 ms, found 1 plugins.
Preloading 0 native plugins for Editor in 0.00 ms.
Unloading 2857 Unused Serialized files (Serialized files now loaded: 0)
System memory in use before: 107.7 MB.
System memory in use after: 107.9 MB.

Unloading 15 unused Assets to reduce memory usage. Loaded Objects now: 3301.
Total: 3.451300 ms (FindLiveObjects: 0.407700 ms CreateObjectMapping: 0.092500 ms MarkObjects: 2.817300 ms  DeleteObjects: 0.132100 ms)

========================================================================
Received Import Request.
  path: Assets/Scripts/Character/Enemies/Enemy.cs
  artifactKey: Guid(c65b2b859e958ee4ab5e99c9053945a8) Importer(815301076,1909f56bfc062723c751e8b465ee728b)
Start importing Assets/Scripts/Character/Enemies/Enemy.cs using Guid(c65b2b859e958ee4ab5e99c9053945a8) Importer(815301076,1909f56bfc062723c751e8b465ee728b)  -> (artifact id: 'd1c016a028f2de40d8857449b1332063') in 0.035229 seconds
  Import took 0.041214 seconds .

========================================================================
Received Prepare
Refreshing native plugins compatible for Editor in 3.49 ms, found 1 plugins.
Preloading 0 native plugins for Editor in 0.00 ms.
Unloading 8 Unused Serialized files (Serialized files now loaded: 0)
System memory in use before: 49.8 MB.
System memory in use after: 50.0 MB.

Unloading 8 unused Assets to reduce memory usage. Loaded Objects now: 3301.
Total: 3.207200 ms (FindLiveObjects: 0.464800 ms CreateObjectMapping: 0.130700 ms MarkObjects: 2.524300 ms  DeleteObjects: 0.084800 ms)

========================================================================
Received Import Request.
  Time since last request: 11.609083 seconds.
  path: Assets/Scripts/Character/Enemies/Enemy.cs
  artifactKey: Guid(c65b2b859e958ee4ab5e99c9053945a8) Importer(815301076,1909f56bfc062723c751e8b465ee728b)
Start importing Assets/Scripts/Character/Enemies/Enemy.cs using Guid(c65b2b859e958ee4ab5e99c9053945a8) Importer(815301076,1909f56bfc062723c751e8b465ee728b)  -> (artifact id: 'bc53a4456d22fbc59dfad08066e4f736') in 0.003388 seconds
  Import took 0.008430 seconds .

========================================================================
Received Import Request.
  Time since last request: 4.202946 seconds.
  path: Assets/Scripts/Character/Enemies/Enemy.cs
  artifactKey: Guid(c65b2b859e958ee4ab5e99c9053945a8) Importer(815301076,1909f56bfc062723c751e8b465ee728b)
Start importing Assets/Scripts/Character/Enemies/Enemy.cs using Guid(c65b2b859e958ee4ab5e99c9053945a8) Importer(815301076,1909f56bfc062723c751e8b465ee728b)  -> (artifact id: 'ca077ae067a5aeb8d1f8a35787b69389') in 0.003366 seconds
  Import took 0.008272 seconds .

========================================================================
Received Prepare
Registering precompiled user dll's ...
Registered in 0.004066 seconds.
Begin MonoManager ReloadAssembly
Native extension for WindowsStandalone target not found
Refreshing native plugins compatible for Editor in 0.62 ms, found 1 plugins.
Preloading 0 native plugins for Editor in 0.00 ms.
Invoked RoslynAnalysisRunner static constructor.
RoslynAnalysisRunner will not be running.
RoslynAnalysisRunner has terminated.
Mono: successfully reloaded assembly
- Completed reload, in  1.076 seconds
Platform modules already initialized, skipping
Refreshing native plugins compatible for Editor in 0.80 ms, found 1 plugins.
Preloading 0 native plugins for Editor in 0.00 ms.
Unloading 2825 Unused Serialized files (Serialized files now loaded: 0)
System memory in use before: 105.6 MB.
System memory in use after: 105.8 MB.

Unloading 10 unused Assets to reduce memory usage. Loaded Objects now: 3304.
Total: 2.259000 ms (FindLiveObjects: 0.342400 ms CreateObjectMapping: 0.079600 ms MarkObjects: 1.766900 ms  DeleteObjects: 0.068900 ms)

========================================================================
Received Prepare
Registering precompiled user dll's ...
Registered in 0.004772 seconds.
Begin MonoManager ReloadAssembly
Native extension for WindowsStandalone target not found
Refreshing native plugins compatible for Editor in 0.69 ms, found 1 plugins.
Preloading 0 native plugins for Editor in 0.00 ms.
Invoked RoslynAnalysisRunner static constructor.
RoslynAnalysisRunner will not be running.
RoslynAnalysisRunner has terminated.
Mono: successfully reloaded assembly
- Completed reload, in  1.104 seconds
Platform modules already initialized, skipping
Refreshing native plugins compatible for Editor in 0.63 ms, found 1 plugins.
Preloading 0 native plugins for Editor in 0.00 ms.
Unloading 2825 Unused Serialized files (Serialized files now loaded: 0)
System memory in use before: 105.6 MB.
System memory in use after: 105.8 MB.

Unloading 10 unused Assets to reduce memory usage. Loaded Objects now: 3307.
Total: 2.696900 ms (FindLiveObjects: 0.488700 ms CreateObjectMapping: 0.115000 ms MarkObjects: 2.006900 ms  DeleteObjects: 0.084100 ms)

========================================================================
Received Prepare
Registering precompiled user dll's ...
Registered in 0.004076 seconds.
Begin MonoManager ReloadAssembly
Native extension for WindowsStandalone target not found
Refreshing native plugins compatible for Editor in 0.61 ms, found 1 plugins.
Preloading 0 native plugins for Editor in 0.00 ms.
Invoked RoslynAnalysisRunner static constructor.
RoslynAnalysisRunner will not be running.
RoslynAnalysisRunner has terminated.
Mono: successfully reloaded assembly
- Completed reload, in  1.063 seconds
Platform modules already initialized, skipping
Refreshing native plugins compatible for Editor in 0.79 ms, found 1 plugins.
Preloading 0 native plugins for Editor in 0.00 ms.
Unloading 2825 Unused Serialized files (Serialized files now loaded: 0)
System memory in use before: 105.7 MB.
System memory in use after: 105.9 MB.

Unloading 10 unused Assets to reduce memory usage. Loaded Objects now: 3310.
Total: 2.522100 ms (FindLiveObjects: 0.422100 ms CreateObjectMapping: 0.097600 ms MarkObjects: 1.917900 ms  DeleteObjects: 0.083100 ms)

========================================================================
Received Prepare
Registering precompiled user dll's ...
Registered in 0.004177 seconds.
Begin MonoManager ReloadAssembly
Native extension for WindowsStandalone target not found
Refreshing native plugins compatible for Editor in 0.60 ms, found 1 plugins.
Preloading 0 native plugins for Editor in 0.00 ms.
Invoked RoslynAnalysisRunner static constructor.
RoslynAnalysisRunner will not be running.
RoslynAnalysisRunner has terminated.
Mono: successfully reloaded assembly
- Completed reload, in  1.068 seconds
Platform modules already initialized, skipping
Refreshing native plugins compatible for Editor in 0.62 ms, found 1 plugins.
Preloading 0 native plugins for Editor in 0.00 ms.
Unloading 2825 Unused Serialized files (Serialized files now loaded: 0)
System memory in use before: 105.7 MB.
System memory in use after: 105.9 MB.

Unloading 10 unused Assets to reduce memory usage. Loaded Objects now: 3313.
Total: 2.574100 ms (FindLiveObjects: 0.418300 ms CreateObjectMapping: 0.095300 ms MarkObjects: 1.980600 ms  DeleteObjects: 0.078300 ms)

========================================================================
Received Prepare
Registering precompiled user dll's ...
Registered in 0.004072 seconds.
Begin MonoManager ReloadAssembly
Native extension for WindowsStandalone target not found
Refreshing native plugins compatible for Editor in 0.60 ms, found 1 plugins.
Preloading 0 native plugins for Editor in 0.00 ms.
Invoked RoslynAnalysisRunner static constructor.
RoslynAnalysisRunner will not be running.
RoslynAnalysisRunner has terminated.
Mono: successfully reloaded assembly
- Completed reload, in  1.055 seconds
Platform modules already initialized, skipping
Refreshing native plugins compatible for Editor in 0.64 ms, found 1 plugins.
Preloading 0 native plugins for Editor in 0.00 ms.
Unloading 2825 Unused Serialized files (Serialized files now loaded: 0)
System memory in use before: 105.7 MB.
System memory in use after: 105.9 MB.

Unloading 10 unused Assets to reduce memory usage. Loaded Objects now: 3316.
Total: 2.623400 ms (FindLiveObjects: 0.459200 ms CreateObjectMapping: 0.087300 ms MarkObjects: 1.998800 ms  DeleteObjects: 0.076600 ms)

========================================================================
Received Prepare
Registering precompiled user dll's ...
Registered in 0.004242 seconds.
Begin MonoManager ReloadAssembly
Native extension for WindowsStandalone target not found
Refreshing native plugins compatible for Editor in 0.83 ms, found 1 plugins.
Preloading 0 native plugins for Editor in 0.00 ms.
Invoked RoslynAnalysisRunner static constructor.
RoslynAnalysisRunner will not be running.
RoslynAnalysisRunner has terminated.
Mono: successfully reloaded assembly
- Completed reload, in  1.056 seconds
Platform modules already initialized, skipping
Refreshing native plugins compatible for Editor in 0.67 ms, found 1 plugins.
Preloading 0 native plugins for Editor in 0.00 ms.
Unloading 2825 Unused Serialized files (Serialized files now loaded: 0)
System memory in use before: 105.7 MB.
System memory in use after: 105.9 MB.

Unloading 10 unused Assets to reduce memory usage. Loaded Objects now: 3319.
Total: 2.185100 ms (FindLiveObjects: 0.335100 ms CreateObjectMapping: 0.079000 ms MarkObjects: 1.698400 ms  DeleteObjects: 0.071700 ms)

========================================================================
Received Prepare
Refreshing native plugins compatible for Editor in 2.88 ms, found 1 plugins.
Preloading 0 native plugins for Editor in 0.00 ms.
Unloading 8 Unused Serialized files (Serialized files now loaded: 0)
System memory in use before: 50.1 MB.
System memory in use after: 50.3 MB.

Unloading 8 unused Assets to reduce memory usage. Loaded Objects now: 3319.
Total: 2.577500 ms (FindLiveObjects: 0.416400 ms CreateObjectMapping: 0.080800 ms MarkObjects: 2.007400 ms  DeleteObjects: 0.071200 ms)

========================================================================
Received Import Request.
  Time since last request: 588.620747 seconds.
  path: Assets/Scripts/Character/Player/Player.cs
  artifactKey: Guid(f8f362f87542ce54ab3c450642f9a531) Importer(815301076,1909f56bfc062723c751e8b465ee728b)
Start importing Assets/Scripts/Character/Player/Player.cs using Guid(f8f362f87542ce54ab3c450642f9a531) Importer(815301076,1909f56bfc062723c751e8b465ee728b)  -> (artifact id: 'ac8e01b850cd72a2f7a9a2a83243ba17') in 0.005192 seconds
  Import took 0.009952 seconds .

========================================================================
Received Import Request.
  Time since last request: 0.006110 seconds.
  path: Assets/Scripts/Character/Player/Player.cs
  artifactKey: Guid(f8f362f87542ce54ab3c450642f9a531) Importer(815301076,1909f56bfc062723c751e8b465ee728b)
Start importing Assets/Scripts/Character/Player/Player.cs using Guid(f8f362f87542ce54ab3c450642f9a531) Importer(815301076,1909f56bfc062723c751e8b465ee728b)  -> (artifact id: 'ac8e01b850cd72a2f7a9a2a83243ba17') in 0.003704 seconds
  Import took 0.008410 seconds .

========================================================================
Received Prepare
Registering precompiled user dll's ...
Registered in 0.004049 seconds.
Begin MonoManager ReloadAssembly
Native extension for WindowsStandalone target not found
Refreshing native plugins compatible for Editor in 0.61 ms, found 1 plugins.
Preloading 0 native plugins for Editor in 0.00 ms.
Invoked RoslynAnalysisRunner static constructor.
RoslynAnalysisRunner will not be running.
RoslynAnalysisRunner has terminated.
Mono: successfully reloaded assembly
- Completed reload, in  1.042 seconds
Platform modules already initialized, skipping
Refreshing native plugins compatible for Editor in 0.66 ms, found 1 plugins.
Preloading 0 native plugins for Editor in 0.00 ms.
Unloading 2825 Unused Serialized files (Serialized files now loaded: 0)
System memory in use before: 105.7 MB.
System memory in use after: 105.9 MB.

Unloading 10 unused Assets to reduce memory usage. Loaded Objects now: 3322.
Total: 2.381000 ms (FindLiveObjects: 0.495300 ms CreateObjectMapping: 0.077400 ms MarkObjects: 1.741000 ms  DeleteObjects: 0.065900 ms)

========================================================================
Received Import Request.
  Time since last request: 10.678822 seconds.
  path: Assets/Scripts/Character/Player/Player.cs
  artifactKey: Guid(f8f362f87542ce54ab3c450642f9a531) Importer(815301076,1909f56bfc062723c751e8b465ee728b)
Start importing Assets/Scripts/Character/Player/Player.cs using Guid(f8f362f87542ce54ab3c450642f9a531) Importer(815301076,1909f56bfc062723c751e8b465ee728b)  -> (artifact id: '4357087e0d7f5168e9e29c5841ea8547') in 0.007812 seconds
  Import took 0.012617 seconds .

========================================================================
Received Prepare
Registering precompiled user dll's ...
Registered in 0.004298 seconds.
Begin MonoManager ReloadAssembly
Native extension for WindowsStandalone target not found
Refreshing native plugins compatible for Editor in 0.64 ms, found 1 plugins.
Preloading 0 native plugins for Editor in 0.00 ms.
Invoked RoslynAnalysisRunner static constructor.
RoslynAnalysisRunner will not be running.
RoslynAnalysisRunner has terminated.
Mono: successfully reloaded assembly
- Completed reload, in  1.069 seconds
Platform modules already initialized, skipping
Refreshing native plugins compatible for Editor in 0.73 ms, found 1 plugins.
Preloading 0 native plugins for Editor in 0.00 ms.
Unloading 2825 Unused Serialized files (Serialized files now loaded: 0)
System memory in use before: 105.7 MB.
System memory in use after: 105.9 MB.

Unloading 10 unused Assets to reduce memory usage. Loaded Objects now: 3325.
Total: 2.673900 ms (FindLiveObjects: 0.439200 ms CreateObjectMapping: 0.081300 ms MarkObjects: 2.072700 ms  DeleteObjects: 0.078700 ms)

========================================================================
Received Import Request.
  Time since last request: 48.737592 seconds.
  path: Assets/Scripts/GameManager.cs
  artifactKey: Guid(b4fbbc5dbdaa83b4794f892163da7030) Importer(815301076,1909f56bfc062723c751e8b465ee728b)
Start importing Assets/Scripts/GameManager.cs using Guid(b4fbbc5dbdaa83b4794f892163da7030) Importer(815301076,1909f56bfc062723c751e8b465ee728b)  -> (artifact id: '9e354e00efd0f885bedcecd2809e8266') in 0.008993 seconds
  Import took 0.013815 seconds .

========================================================================
Received Prepare
Refreshing native plugins compatible for Editor in 3.30 ms, found 1 plugins.
Preloading 0 native plugins for Editor in 0.00 ms.
Unloading 8 Unused Serialized files (Serialized files now loaded: 0)
System memory in use before: 50.1 MB.
System memory in use after: 50.3 MB.

Unloading 8 unused Assets to reduce memory usage. Loaded Objects now: 3325.
Total: 3.790800 ms (FindLiveObjects: 0.562100 ms CreateObjectMapping: 0.126700 ms MarkObjects: 3.016800 ms  DeleteObjects: 0.083200 ms)

AssetImportWorkerClient::OnTransportError - code=2 error=End of file
